0 info it worked if it ends with ok
1 verbose cli [
1 verbose cli   'C:\\Program Files\\nodejs\\node.exe',
1 verbose cli   'C:\\Users\\susim_6umrmsi\\AppData\\Roaming\\npm\\node_modules\\npm\\bin\\npm-cli.js',
1 verbose cli   'i',
1 verbose cli   'graceful',
1 verbose cli   '-g',
1 verbose cli   '--save-dev'
1 verbose cli ]
2 info using npm@3.10.10
3 info using node@v14.17.2
4 silly loadCurrentTree Starting
5 silly install loadCurrentTree
6 silly install readGlobalPackageData
7 silly fetchPackageMetaData graceful
8 silly fetchNamedPackageData graceful
9 silly mapToRegistry name graceful
10 silly mapToRegistry using default registry
11 silly mapToRegistry registry https://registry.npmjs.org/
12 silly mapToRegistry data Result {
12 silly mapToRegistry   raw: 'graceful',
12 silly mapToRegistry   scope: null,
12 silly mapToRegistry   escapedName: 'graceful',
12 silly mapToRegistry   name: 'graceful',
12 silly mapToRegistry   rawSpec: '',
12 silly mapToRegistry   spec: 'latest',
12 silly mapToRegistry   type: 'tag'
12 silly mapToRegistry }
13 silly mapToRegistry uri https://registry.npmjs.org/graceful
14 verbose request uri https://registry.npmjs.org/graceful
15 verbose request no auth needed
16 info attempt registry request try #1 at 11:27:02 PM
17 verbose request id 9776e1c3dfade876
18 http request GET https://registry.npmjs.org/graceful
19 http 200 https://registry.npmjs.org/graceful
20 verbose headers {
20 verbose headers   date: 'Mon, 05 Jul 2021 04:27:25 GMT',
20 verbose headers   'content-type': 'application/json',
20 verbose headers   'transfer-encoding': 'chunked',
20 verbose headers   connection: 'keep-alive',
20 verbose headers   'cf-ray': '669dd738eda02a69-ORD',
20 verbose headers   'cache-control': 'public, max-age=300',
20 verbose headers   etag: 'W/"0b0fc4acafd203bc9f3be6aa35313115"',
20 verbose headers   'last-modified': 'Fri, 04 Jan 2019 00:30:38 GMT',
20 verbose headers   vary: 'accept-encoding, accept',
20 verbose headers   'cf-cache-status': 'EXPIRED',
20 verbose headers   'expect-ct': 'max-age=604800, report-uri="https://report-uri.cloudflare.com/cdn-cgi/beacon/expect-ct"',
20 verbose headers   server: 'cloudflare',
20 verbose headers   'content-encoding': 'gzip'
20 verbose headers }
21 silly get cb [
21 silly get   200,
21 silly get   {
21 silly get     date: 'Mon, 05 Jul 2021 04:27:25 GMT',
21 silly get     'content-type': 'application/json',
21 silly get     'transfer-encoding': 'chunked',
21 silly get     connection: 'keep-alive',
21 silly get     'cf-ray': '669dd738eda02a69-ORD',
21 silly get     'cache-control': 'public, max-age=300',
21 silly get     etag: 'W/"0b0fc4acafd203bc9f3be6aa35313115"',
21 silly get     'last-modified': 'Fri, 04 Jan 2019 00:30:38 GMT',
21 silly get     vary: 'accept-encoding, accept',
21 silly get     'cf-cache-status': 'EXPIRED',
21 silly get     'expect-ct': 'max-age=604800, report-uri="https://report-uri.cloudflare.com/cdn-cgi/beacon/expect-ct"',
21 silly get     server: 'cloudflare',
21 silly get     'content-encoding': 'gzip'
21 silly get   }
21 silly get ]
22 verbose get saving graceful to C:\Users\susim_6umrmsi\AppData\Roaming\npm-cache\registry.npmjs.org\graceful\.cache.json
23 verbose correctMkdir C:\Users\susim_6umrmsi\AppData\Roaming\npm-cache correctMkdir not in flight; initializing
24 verbose stack TypeError: cb.apply is not a function
24 verbose stack     at C:\Users\susim_6umrmsi\AppData\Roaming\npm\node_modules\npm\node_modules\graceful-fs\polyfills.js:267:18
24 verbose stack     at FSReqCallback.oncomplete (fs.js:193:5)
25 verbose cwd C:\Users\susim_6umrmsi\OneDrive\Documents\GitHub\rvuTracker
26 error Windows_NT 10.0.19042
27 error argv "C:\\Program Files\\nodejs\\node.exe" "C:\\Users\\susim_6umrmsi\\AppData\\Roaming\\npm\\node_modules\\npm\\bin\\npm-cli.js" "i" "graceful" "-g" "--save-dev"
28 error node v14.17.2
29 error npm  v3.10.10
30 error cb.apply is not a function
31 error If you need help, you may report this error at:
31 error     <https://github.com/npm/npm/issues>
32 verbose exit [ 1, true ]
